<?xml version="1.0" encoding="UTF-8"?>
<!-- Generated by org.testng.reporters.JUnitXMLReporter -->
<testsuite ignored="0" hostname="MSI" failures="1" tests="4" name="Test" time="24.26" errors="0" timestamp="2022-03-05T13:39:38 IST">
  <testcase classname="runners.TestRunner" name="feature" time="7.36"/>
  <testcase classname="runners.TestRunner" name="feature" time="6.324"/>
  <testcase classname="runners.TestRunner" name="feature" time="3.115">
    <failure type="io.cucumber.testng.UndefinedStepException" message="The step &amp;apos;User enters lalithapadala3@gmail.com and test@123 test&amp;apos; is undefined.
You can implement this step using the snippet(s) below:

@Then(&amp;quot;User enters lalithapadala3@gmail.com and test@{int} test&amp;quot;)
public void user_enters_lalithapadala3_gmail_com_and_test_test(Integer int1) {
    // Write code here that turns the phrase above into concrete actions
    throw new io.cucumber.java.PendingException();
}
">
      <![CDATA[io.cucumber.testng.UndefinedStepException: The step 'User enters lalithapadala3@gmail.com and test@123 test' is undefined.
You can implement this step using the snippet(s) below:

@Then("User enters lalithapadala3@gmail.com and test@{int} test")
public void user_enters_lalithapadala3_gmail_com_and_test_test(Integer int1) {
    // Write code here that turns the phrase above into concrete actions
    throw new io.cucumber.java.PendingException();
}

at io.cucumber.core.runtime.TestCaseResultObserver.assertTestCasePassed(TestCaseResultObserver.java:69)
at io.cucumber.testng.TestCaseResultObserver.assertTestCasePassed(TestCaseResultObserver.java:23)
at io.cucumber.testng.TestNGCucumberRunner.lambda$runScenario$1(TestNGCucumberRunner.java:133)
at io.cucumber.core.runtime.CucumberExecutionContext.lambda$runTestCase$3(CucumberExecutionContext.java:151)
at io.cucumber.core.runtime.RethrowingThrowableCollector.executeAndThrow(RethrowingThrowableCollector.java:23)
at io.cucumber.core.runtime.CucumberExecutionContext.runTestCase(CucumberExecutionContext.java:151)
at io.cucumber.testng.TestNGCucumberRunner.runScenario(TestNGCucumberRunner.java:129)
at runners.TestRunner.feature(TestRunner.java:38)
at java.base/java.util.ArrayList.forEach(ArrayList.java:1511)
... Removed 27 stack frames]]>
    </failure>
  </testcase> <!-- feature -->
  <testcase classname="runners.TestRunner" name="feature" time="6.966"/>
</testsuite> <!-- Test -->
